// 重构日志: b19e18fa
// 重构日志: c4ad4522
// 同步 ID: 5705745f @ Thu Jul 16 13:51:51 UTC 2026
// 重构日志: 8ca5981d
// 重构日志: 9a097ea5
// 同步 ID: fe84167e @ Thu Jul 16 21:01:38 UTC 2026
// 重构日志: f0e65bd0
// 重构日志: 483478e9
// 重构日志: a01d09c7
// 重构日志: bfbb4a5a
// 同步 ID: f575e31f @ Fri Jul 17 20:46:52 UTC 2026
// 重构日志: 022e18b0
// 重构日志: 71fae5e0
// 重构日志: 429021fc
// 重构日志: 485ed73e
// 重构日志: bde7affa
// 同步 ID: ca572475 @ Sun Jul 19 01:41:14 UTC 2026
// 同步 ID: bbfd8890 @ Sun Jul 19 07:57:33 UTC 2026
// 同步 ID: e6c9bdb9 @ Sun Jul 19 09:44:48 UTC 2026
// 同步 ID: 18bc5e76 @ Sun Jul 19 11:18:18 UTC 2026
// 重构日志: 8f65c5b1
// 重构日志: df2e9835
// 重构日志: c2bdca8d
// 重构日志: 4e65ca04
// 重构日志: 86ee1bce
// 同步 ID: 6c735908 @ Tue Jul 21 05:09:04 UTC 2026
// 重构日志: 769ce516
// 同步 ID: 18d26bd7 @ Tue Jul 21 12:37:09 UTC 2026
// 同步 ID: 5390260d @ Tue Jul 21 18:35:14 UTC 2026
// 同步 ID: 2b477814 @ Wed Jul 22 08:22:01 UTC 2026
// 重构日志: 562d4ff8
// 重构日志: a343ae00
// 重构日志: 66748206
